<?xml version="1.0" encoding="UTF-8"?>
<coverage generated="1628606017267" clover="3.2.0">
  <project timestamp="1628606017267" name="All files">
    <metrics statements="20" coveredstatements="20" conditionals="10" coveredconditionals="10" methods="4" coveredmethods="4" elements="34" coveredelements="34" complexity="0" loc="20" ncloc="20" packages="1" files="2" classes="2"/>
    <file name="diffs.js" path="/home/estense/frontend-project-lvl2/src/diffs.js">
      <metrics statements="15" coveredstatements="15" conditionals="10" coveredconditionals="10" methods="2" coveredmethods="2"/>
      <line num="4" count="1" type="stmt"/>
      <line num="5" count="1" type="stmt"/>
      <line num="6" count="1" type="stmt"/>
      <line num="7" count="1" type="stmt"/>
      <line num="9" count="1" type="stmt"/>
      <line num="10" count="5" type="cond" truecount="2" falsecount="0"/>
      <line num="11" count="1" type="stmt"/>
      <line num="13" count="4" type="cond" truecount="4" falsecount="0"/>
      <line num="14" count="1" type="stmt"/>
      <line num="16" count="3" type="cond" truecount="4" falsecount="0"/>
      <line num="17" count="2" type="stmt"/>
      <line num="19" count="1" type="stmt"/>
      <line num="21" count="1" type="stmt"/>
      <line num="22" count="1" type="stmt"/>
      <line num="23" count="1" type="stmt"/>
    </file>
    <file name="filePaths.js" path="/home/estense/frontend-project-lvl2/src/filePaths.js">
      <metrics statements="5" coveredstatements="5" conditionals="0" coveredconditionals="0" methods="2" coveredmethods="2"/>
      <line num="4" count="3" type="stmt"/>
      <line num="6" count="2" type="stmt"/>
      <line num="7" count="3" type="stmt"/>
      <line num="8" count="3" type="stmt"/>
      <line num="9" count="3" type="stmt"/>
    </file>
  </project>
</coverage>
