{"/home/estense/frontend-project-lvl2/src/diffs.js": {"path":"/home/estense/frontend-project-lvl2/src/diffs.js","statementMap":{"0":{"start":{"line":4,"column":16},"end":{"line":24,"column":1}},"1":{"start":{"line":5,"column":15},"end":{"line":5,"column":33}},"2":{"start":{"line":6,"column":15},"end":{"line":6,"column":33}},"3":{"start":{"line":7,"column":12},"end":{"line":8,"column":11}},"4":{"start":{"line":9,"column":12},"end":{"line":20,"column":4}},"5":{"start":{"line":10,"column":4},"end":{"line":12,"column":5}},"6":{"start":{"line":11,"column":6},"end":{"line":11,"column":40}},"7":{"start":{"line":13,"column":4},"end":{"line":15,"column":5}},"8":{"start":{"line":14,"column":6},"end":{"line":14,"column":40}},"9":{"start":{"line":16,"column":4},"end":{"line":18,"column":5}},"10":{"start":{"line":17,"column":6},"end":{"line":17,"column":40}},"11":{"start":{"line":19,"column":4},"end":{"line":19,"column":64}},"12":{"start":{"line":21,"column":2},"end":{"line":21,"column":17}},"13":{"start":{"line":22,"column":2},"end":{"line":22,"column":14}},"14":{"start":{"line":23,"column":2},"end":{"line":23,"column":22}}},"fnMap":{"0":{"name":"(anonymous_0)","decl":{"start":{"line":4,"column":16},"end":{"line":4,"column":17}},"loc":{"start":{"line":4,"column":42},"end":{"line":24,"column":1}},"line":4},"1":{"name":"(anonymous_1)","decl":{"start":{"line":9,"column":18},"end":{"line":9,"column":19}},"loc":{"start":{"line":9,"column":27},"end":{"line":20,"column":3}},"line":9}},"branchMap":{"0":{"loc":{"start":{"line":10,"column":4},"end":{"line":12,"column":5}},"type":"if","locations":[{"start":{"line":10,"column":4},"end":{"line":12,"column":5}},{"start":{"line":10,"column":4},"end":{"line":12,"column":5}}],"line":10},"1":{"loc":{"start":{"line":13,"column":4},"end":{"line":15,"column":5}},"type":"if","locations":[{"start":{"line":13,"column":4},"end":{"line":15,"column":5}},{"start":{"line":13,"column":4},"end":{"line":15,"column":5}}],"line":13},"2":{"loc":{"start":{"line":13,"column":8},"end":{"line":13,"column":45}},"type":"binary-expr","locations":[{"start":{"line":13,"column":8},"end":{"line":13,"column":25}},{"start":{"line":13,"column":29},"end":{"line":13,"column":45}}],"line":13},"3":{"loc":{"start":{"line":16,"column":4},"end":{"line":18,"column":5}},"type":"if","locations":[{"start":{"line":16,"column":4},"end":{"line":18,"column":5}},{"start":{"line":16,"column":4},"end":{"line":18,"column":5}}],"line":16},"4":{"loc":{"start":{"line":16,"column":8},"end":{"line":16,"column":45}},"type":"binary-expr","locations":[{"start":{"line":16,"column":8},"end":{"line":16,"column":24}},{"start":{"line":16,"column":28},"end":{"line":16,"column":45}}],"line":16}},"s":{"0":1,"1":1,"2":1,"3":1,"4":1,"5":5,"6":1,"7":4,"8":1,"9":3,"10":2,"11":1,"12":1,"13":1,"14":1},"f":{"0":1,"1":5},"b":{"0":[1,4],"1":[1,3],"2":[4,1],"3":[2,1],"4":[3,3]},"_coverageSchema":"1a1c01bbd47fc00a2c39e90264f33305004495a9","hash":"a3f97f44bb0c9ad3f431e485ee27a87469a32ce6"}
,"/home/estense/frontend-project-lvl2/src/filePaths.js": {"path":"/home/estense/frontend-project-lvl2/src/filePaths.js","statementMap":{"0":{"start":{"line":4,"column":16},"end":{"line":4,"column":52}},"1":{"start":{"line":4,"column":30},"end":{"line":4,"column":52}},"2":{"start":{"line":6,"column":16},"end":{"line":10,"column":1}},"3":{"start":{"line":7,"column":17},"end":{"line":7,"column":23}},"4":{"start":{"line":8,"column":19},"end":{"line":8,"column":36}},"5":{"start":{"line":9,"column":2},"end":{"line":9,"column":55}}},"fnMap":{"0":{"name":"(anonymous_0)","decl":{"start":{"line":4,"column":16},"end":{"line":4,"column":17}},"loc":{"start":{"line":4,"column":30},"end":{"line":4,"column":52}},"line":4},"1":{"name":"(anonymous_1)","decl":{"start":{"line":6,"column":16},"end":{"line":6,"column":17}},"loc":{"start":{"line":6,"column":30},"end":{"line":10,"column":1}},"line":6}},"branchMap":{},"s":{"0":2,"1":3,"2":2,"3":3,"4":3,"5":3},"f":{"0":3,"1":3},"b":{},"_coverageSchema":"1a1c01bbd47fc00a2c39e90264f33305004495a9","hash":"2d95218df7473d8d786ddf082f612eff98a844eb"}
}
