TN:
SF:src/diffs.js
FN:4,(anonymous_0)
FN:9,(anonymous_1)
FNF:2
FNH:2
FNDA:1,(anonymous_0)
FNDA:5,(anonymous_1)
DA:4,1
DA:5,1
DA:6,1
DA:7,1
DA:9,1
DA:10,5
DA:11,1
DA:13,4
DA:14,1
DA:16,3
DA:17,2
DA:19,1
DA:21,1
DA:22,1
DA:23,1
LF:15
LH:15
BRDA:10,0,0,1
BRDA:10,0,1,4
BRDA:13,1,0,1
BRDA:13,1,1,3
BRDA:13,2,0,4
BRDA:13,2,1,1
BRDA:16,3,0,2
BRDA:16,3,1,1
BRDA:16,4,0,3
BRDA:16,4,1,3
BRF:10
BRH:10
end_of_record
TN:
SF:src/filePaths.js
FN:4,(anonymous_0)
FN:6,(anonymous_1)
FNF:2
FNH:2
FNDA:3,(anonymous_0)
FNDA:3,(anonymous_1)
DA:4,3
DA:6,2
DA:7,3
DA:8,3
DA:9,3
LF:5
LH:5
BRF:0
BRH:0
end_of_record
